<?xml version="1.0" encoding="UTF-8"?>
<!-- Generated by org.testng.reporters.JUnitReportReporter -->
<testsuite hostname="LAPTOP-A85LJTMK" failures="0" tests="1" name="testCases.TC002_LoginTest" time="2.125" errors="0" timestamp="2025-05-20T12:38:21 IST" skipped="0">
  <testcase classname="testCases.TC002_LoginTest" name="verify_login" time="2.125"/>
</testsuite> <!-- testCases.TC002_LoginTest -->
