<?xml version="1.0" encoding="UTF-8"?>
<!-- Generated by org.testng.reporters.JUnitReportReporter -->
<testsuite hostname="LAPTOP-A85LJTMK" failures="0" tests="1" name="testCases.TC002_LoginTest" time="1.965" errors="0" timestamp="2025-05-21T19:42:22 IST" skipped="0">
  <testcase classname="testCases.TC002_LoginTest" name="verify_login" time="1.965"/>
</testsuite> <!-- testCases.TC002_LoginTest -->
